{"error":{},"level":"error","message":"uncaughtException: morgan is not defined\nReferenceError: morgan is not defined\n    at Object.<anonymous> (C:\\Users\\mivanov\\WDT\\backend\\server.js:19:5)\n    at Module._compile (internal/modules/cjs/loader.js:1015:30)\n    at Object.Module._extensions..js (internal/modules/cjs/loader.js:1035:10)\n    at Module.load (internal/modules/cjs/loader.js:879:32)\n    at Function.Module._load (internal/modules/cjs/loader.js:724:14)\n    at Function.executeUserEntryPoint [as runMain] (internal/modules/run_main.js:60:12)\n    at internal/main/run_main_module.js:17:47","stack":"ReferenceError: morgan is not defined\n    at Object.<anonymous> (C:\\Users\\mivanov\\WDT\\backend\\server.js:19:5)\n    at Module._compile (internal/modules/cjs/loader.js:1015:30)\n    at Object.Module._extensions..js (internal/modules/cjs/loader.js:1035:10)\n    at Module.load (internal/modules/cjs/loader.js:879:32)\n    at Function.Module._load (internal/modules/cjs/loader.js:724:14)\n    at Function.executeUserEntryPoint [as runMain] (internal/modules/run_main.js:60:12)\n    at internal/main/run_main_module.js:17:47","exception":true,"date":"Mon Mar 22 2021 14:57:59 GMT+0200 (Eastern European Standard Time)","process":{"pid":17712,"uid":null,"gid":null,"cwd":"C:\\Users\\mivanov\\WDT\\backend","execPath":"C:\\Program Files\\nodejs\\node.exe","version":"v12.19.0","argv":["C:\\Program Files\\nodejs\\node.exe","C:\\Users\\mivanov\\WDT\\backend\\server.js"],"memoryUsage":{"rss":60260352,"heapTotal":34705408,"heapUsed":23787440,"external":20159593,"arrayBuffers":18657450}},"os":{"loadavg":[0,0,0],"uptime":779224},"trace":[{"column":5,"file":"C:\\Users\\mivanov\\WDT\\backend\\server.js","function":null,"line":19,"method":null,"native":false},{"column":30,"file":"internal/modules/cjs/loader.js","function":"Module._compile","line":1015,"method":"_compile","native":false},{"column":10,"file":"internal/modules/cjs/loader.js","function":"Module._extensions..js","line":1035,"method":".js","native":false},{"column":32,"file":"internal/modules/cjs/loader.js","function":"Module.load","line":879,"method":"load","native":false},{"column":14,"file":"internal/modules/cjs/loader.js","function":"Module._load","line":724,"method":"_load","native":false},{"column":12,"file":"internal/modules/run_main.js","function":"Function.executeUserEntryPoint [as runMain]","line":60,"method":"executeUserEntryPoint [as runMain]","native":false},{"column":47,"file":"internal/main/run_main_module.js","function":null,"line":17,"method":null,"native":false}]}
{"error":{},"level":"error","message":"uncaughtException: morgan is not defined\nReferenceError: morgan is not defined\n    at Object.<anonymous> (C:\\Users\\mivanov\\WDT\\backend\\server.js:19:5)\n    at Module._compile (internal/modules/cjs/loader.js:1015:30)\n    at Object.Module._extensions..js (internal/modules/cjs/loader.js:1035:10)\n    at Module.load (internal/modules/cjs/loader.js:879:32)\n    at Function.Module._load (internal/modules/cjs/loader.js:724:14)\n    at Function.executeUserEntryPoint [as runMain] (internal/modules/run_main.js:60:12)\n    at internal/main/run_main_module.js:17:47","stack":"ReferenceError: morgan is not defined\n    at Object.<anonymous> (C:\\Users\\mivanov\\WDT\\backend\\server.js:19:5)\n    at Module._compile (internal/modules/cjs/loader.js:1015:30)\n    at Object.Module._extensions..js (internal/modules/cjs/loader.js:1035:10)\n    at Module.load (internal/modules/cjs/loader.js:879:32)\n    at Function.Module._load (internal/modules/cjs/loader.js:724:14)\n    at Function.executeUserEntryPoint [as runMain] (internal/modules/run_main.js:60:12)\n    at internal/main/run_main_module.js:17:47","exception":true,"date":"Mon Mar 22 2021 14:58:14 GMT+0200 (Eastern European Standard Time)","process":{"pid":25304,"uid":null,"gid":null,"cwd":"C:\\Users\\mivanov\\WDT\\backend","execPath":"C:\\Program Files\\nodejs\\node.exe","version":"v12.19.0","argv":["C:\\Program Files\\nodejs\\node.exe","C:\\Users\\mivanov\\WDT\\backend\\server.js"],"memoryUsage":{"rss":62230528,"heapTotal":34967552,"heapUsed":23814992,"external":20159593,"arrayBuffers":18657450}},"os":{"loadavg":[0,0,0],"uptime":779238},"trace":[{"column":5,"file":"C:\\Users\\mivanov\\WDT\\backend\\server.js","function":null,"line":19,"method":null,"native":false},{"column":30,"file":"internal/modules/cjs/loader.js","function":"Module._compile","line":1015,"method":"_compile","native":false},{"column":10,"file":"internal/modules/cjs/loader.js","function":"Module._extensions..js","line":1035,"method":".js","native":false},{"column":32,"file":"internal/modules/cjs/loader.js","function":"Module.load","line":879,"method":"load","native":false},{"column":14,"file":"internal/modules/cjs/loader.js","function":"Module._load","line":724,"method":"_load","native":false},{"column":12,"file":"internal/modules/run_main.js","function":"Function.executeUserEntryPoint [as runMain]","line":60,"method":"executeUserEntryPoint [as runMain]","native":false},{"column":47,"file":"internal/main/run_main_module.js","function":null,"line":17,"method":null,"native":false}]}
{"message":"::1 - - [22/Mar/2021:12:58:59 +0000] \"GET /api/vacationDay/user/605606b734a1f63ec43ca5b3 HTTP/1.1\" 200 163 \"-\" \"PostmanRuntime/7.26.10\"\n","level":"info"}
{"message":"::1 - - [22/Mar/2021:12:59:22 +0000] \"GET /api/vacationDay/user/605606b734a1f63ec43ca5b3 HTTP/1.1\" 200 163 \"-\" \"PostmanRuntime/7.26.10\"\n","level":"info"}
{"message":"::1 - - [22/Mar/2021:13:13:55 +0000] \"POST /api/auth/logout HTTP/1.1\" 200 79 \"-\" \"PostmanRuntime/7.26.10\"\n","level":"info"}
{"message":"::1 - - [22/Mar/2021:13:14:04 +0000] \"POST /api/auth/login HTTP/1.1\" 200 80 \"-\" \"PostmanRuntime/7.26.10\"\n","level":"info"}
{"message":"::1 - - [22/Mar/2021:13:14:35 +0000] \"POST /api/sickDay HTTP/1.1\" 200 192 \"-\" \"PostmanRuntime/7.26.10\"\n","level":"info"}
{"message":"::1 - - [22/Mar/2021:13:15:23 +0000] \"DELETE /api/sickDay/6058617a265e0b63602e9197 HTTP/1.1\" 500 1958 \"-\" \"PostmanRuntime/7.26.10\"\n","level":"info"}
{"message":"::1 - - [22/Mar/2021:13:15:44 +0000] \"DELETE /api/sickDay/6058617a265e0b63602e9197 HTTP/1.1\" 409 66 \"-\" \"PostmanRuntime/7.26.10\"\n","level":"info"}
{"message":"::1 - - [22/Mar/2021:13:16:57 +0000] \"DELETE /api/sickDay/6058617a265e0b63602e9197 HTTP/1.1\" 409 91 \"-\" \"PostmanRuntime/7.26.10\"\n","level":"info"}
{"message":"::1 - - [22/Mar/2021:13:17:35 +0000] \"DELETE /api/sickDay/6058617a265e0b63602e9197 HTTP/1.1\" 200 - \"-\" \"PostmanRuntime/7.26.10\"\n","level":"info"}
{"message":"::1 - - [22/Mar/2021:13:18:28 +0000] \"DELETE /api/sickDay/6058617a265e0b63602e9197 HTTP/1.1\" 200 - \"-\" \"PostmanRuntime/7.26.10\"\n","level":"info"}
{"message":"::1 - - [22/Mar/2021:13:19:28 +0000] \"DELETE /api/sickDay/6058617a265e0b63602e9197 HTTP/1.1\" 200 - \"-\" \"PostmanRuntime/7.26.10\"\n","level":"info"}
{"message":"::1 - - [22/Mar/2021:13:19:41 +0000] \"DELETE /api/sickDay/6058617a265e0b63602e9197 HTTP/1.1\" 200 2 \"-\" \"PostmanRuntime/7.26.10\"\n","level":"info"}
{"message":"::1 - - [22/Mar/2021:13:20:13 +0000] \"DELETE /api/sickDay/6058617a265e0b63602e9197 HTTP/1.1\" 409 66 \"-\" \"PostmanRuntime/7.26.10\"\n","level":"info"}
{"message":"::1 - - [22/Mar/2021:13:33:39 +0000] \"PUT /api/sickDay HTTP/1.1\" 200 164 \"-\" \"PostmanRuntime/7.26.10\"\n","level":"info"}
{"message":"::1 - - [22/Mar/2021:13:33:53 +0000] \"PUT /api/sickDay HTTP/1.1\" 200 0 \"-\" \"PostmanRuntime/7.26.10\"\n","level":"info"}
{"message":"::1 - - [22/Mar/2021:14:07:04 +0000] \"GET /api/sickDay/user/605606b734a1f63ec43ca5b3 HTTP/1.1\" 409 80 \"-\" \"PostmanRuntime/7.26.10\"\n","level":"info"}
{"message":"::1 - - [22/Mar/2021:14:07:53 +0000] \"GET /api/sickDay/user/605606b734a1f63ec43ca5b3 HTTP/1.1\" 200 2 \"-\" \"PostmanRuntime/7.26.10\"\n","level":"info"}
{"message":"::1 - - [22/Mar/2021:14:08:30 +0000] \"GET /api/sickDay/user/605606b734a1f63ec43ca5b3 HTTP/1.1\" 200 166 \"-\" \"PostmanRuntime/7.26.10\"\n","level":"info"}
{"message":"::1 - - [22/Mar/2021:14:08:37 +0000] \"GET /api/sickDay/user/605606b734a1f63ec43ca5b4 HTTP/1.1\" 200 2 \"-\" \"PostmanRuntime/7.26.10\"\n","level":"info"}
{"message":"::1 - - [22/Mar/2021:14:08:42 +0000] \"GET /api/sickDay/user/605606b734a1f63ec43ca5b3 HTTP/1.1\" 200 166 \"-\" \"PostmanRuntime/7.26.10\"\n","level":"info"}
{"message":"::1 - - [22/Mar/2021:14:38:17 +0000] \"POST /api/vacationDay HTTP/1.1\" 500 1958 \"-\" \"PostmanRuntime/7.26.10\"\n","level":"info"}
{"message":"::1 - - [22/Mar/2021:14:38:50 +0000] \"POST /api/vacationDay HTTP/1.1\" 500 1958 \"-\" \"PostmanRuntime/7.26.10\"\n","level":"info"}
{"message":"::1 - - [22/Mar/2021:14:39:18 +0000] \"POST /api/vacationDay HTTP/1.1\" 201 97 \"-\" \"PostmanRuntime/7.26.10\"\n","level":"info"}
{"message":"::1 - - [22/Mar/2021:19:24:56 +0000] \"POST /api/vacationDay HTTP/1.1\" 500 1965 \"-\" \"PostmanRuntime/7.26.10\"\n","level":"info"}
{"message":"::1 - - [22/Mar/2021:19:25:32 +0000] \"POST /api/vacationDay HTTP/1.1\" 201 97 \"-\" \"PostmanRuntime/7.26.10\"\n","level":"info"}
{"message":"::1 - - [22/Mar/2021:19:29:03 +0000] \"POST /api/vacationDay HTTP/1.1\" 201 97 \"-\" \"PostmanRuntime/7.26.10\"\n","level":"info"}
{"message":"::1 - - [22/Mar/2021:19:29:30 +0000] \"POST /api/vacationDay HTTP/1.1\" 201 97 \"-\" \"PostmanRuntime/7.26.10\"\n","level":"info"}
{"message":"::1 - - [22/Mar/2021:19:30:11 +0000] \"POST /api/vacationDay HTTP/1.1\" 201 97 \"-\" \"PostmanRuntime/7.26.10\"\n","level":"info"}
{"message":"::1 - - [22/Mar/2021:19:42:01 +0000] \"POST /api/auth/logout HTTP/1.1\" 200 79 \"-\" \"PostmanRuntime/7.26.10\"\n","level":"info"}
{"message":"::1 - - [22/Mar/2021:19:42:04 +0000] \"POST /api/auth/login HTTP/1.1\" 200 80 \"-\" \"PostmanRuntime/7.26.10\"\n","level":"info"}
{"message":"::1 - - [22/Mar/2021:19:42:33 +0000] \"POST /api/vacationDay HTTP/1.1\" 500 1968 \"-\" \"PostmanRuntime/7.26.10\"\n","level":"info"}
{"message":"::1 - - [22/Mar/2021:19:43:56 +0000] \"POST /api/vacationDay HTTP/1.1\" 500 1968 \"-\" \"PostmanRuntime/7.26.10\"\n","level":"info"}
{"message":"::1 - - [22/Mar/2021:19:45:06 +0000] \"POST /api/vacationDay HTTP/1.1\" 500 1968 \"-\" \"PostmanRuntime/7.26.10\"\n","level":"info"}
{"message":"::1 - - [22/Mar/2021:19:46:00 +0000] \"POST /api/vacationDay HTTP/1.1\" 500 1968 \"-\" \"PostmanRuntime/7.26.10\"\n","level":"info"}
{"message":"::1 - - [22/Mar/2021:19:48:23 +0000] \"POST /api/vacationDay HTTP/1.1\" 500 1968 \"-\" \"PostmanRuntime/7.26.10\"\n","level":"info"}
{"message":"::1 - - [22/Mar/2021:19:50:14 +0000] \"POST /api/vacationDay HTTP/1.1\" 500 1968 \"-\" \"PostmanRuntime/7.26.10\"\n","level":"info"}
{"message":"::1 - - [22/Mar/2021:19:50:36 +0000] \"POST /api/vacationDay HTTP/1.1\" 500 1968 \"-\" \"PostmanRuntime/7.26.10\"\n","level":"info"}
{"message":"::1 - - [22/Mar/2021:19:54:38 +0000] \"POST /api/vacationDay HTTP/1.1\" 500 1968 \"-\" \"PostmanRuntime/7.26.10\"\n","level":"info"}
{"message":"::1 - - [22/Mar/2021:19:55:28 +0000] \"POST /api/vacationDay HTTP/1.1\" 500 1968 \"-\" \"PostmanRuntime/7.26.10\"\n","level":"info"}
{"message":"::1 - - [22/Mar/2021:19:57:43 +0000] \"POST /api/vacationDay HTTP/1.1\" 500 1968 \"-\" \"PostmanRuntime/7.26.10\"\n","level":"info"}
{"message":"::1 - - [22/Mar/2021:19:58:55 +0000] \"POST /api/vacationDay HTTP/1.1\" 500 1968 \"-\" \"PostmanRuntime/7.26.10\"\n","level":"info"}
{"message":"::1 - - [22/Mar/2021:19:59:09 +0000] \"POST /api/vacationDay HTTP/1.1\" 500 1968 \"-\" \"PostmanRuntime/7.26.10\"\n","level":"info"}
{"message":"::1 - - [22/Mar/2021:19:59:46 +0000] \"POST /api/vacationDay HTTP/1.1\" 201 97 \"-\" \"PostmanRuntime/7.26.10\"\n","level":"info"}
{"message":"::1 - - [22/Mar/2021:19:59:58 +0000] \"POST /api/vacationDay HTTP/1.1\" 409 94 \"-\" \"PostmanRuntime/7.26.10\"\n","level":"info"}
{"message":"::1 - - [22/Mar/2021:20:01:11 +0000] \"POST /api/vacationDay HTTP/1.1\" 409 94 \"-\" \"PostmanRuntime/7.26.10\"\n","level":"info"}
{"message":"::1 - - [22/Mar/2021:20:01:30 +0000] \"POST /api/vacationDay HTTP/1.1\" 201 97 \"-\" \"PostmanRuntime/7.26.10\"\n","level":"info"}
{"message":"::1 - - [22/Mar/2021:20:01:35 +0000] \"POST /api/vacationDay HTTP/1.1\" 201 97 \"-\" \"PostmanRuntime/7.26.10\"\n","level":"info"}
{"message":"::1 - - [22/Mar/2021:20:01:36 +0000] \"POST /api/vacationDay HTTP/1.1\" 201 97 \"-\" \"PostmanRuntime/7.26.10\"\n","level":"info"}
{"message":"::1 - - [22/Mar/2021:20:01:38 +0000] \"POST /api/vacationDay HTTP/1.1\" 409 94 \"-\" \"PostmanRuntime/7.26.10\"\n","level":"info"}
{"message":"::1 - - [22/Mar/2021:20:01:39 +0000] \"POST /api/vacationDay HTTP/1.1\" 409 94 \"-\" \"PostmanRuntime/7.26.10\"\n","level":"info"}
{"message":"::1 - - [22/Mar/2021:20:01:40 +0000] \"POST /api/vacationDay HTTP/1.1\" 409 94 \"-\" \"PostmanRuntime/7.26.10\"\n","level":"info"}
{"message":"::1 - - [22/Mar/2021:20:01:41 +0000] \"POST /api/vacationDay HTTP/1.1\" 409 94 \"-\" \"PostmanRuntime/7.26.10\"\n","level":"info"}
{"message":"::1 - - [22/Mar/2021:20:53:36 +0000] \"POST /api/auth/logout HTTP/1.1\" 200 79 \"-\" \"PostmanRuntime/7.26.10\"\n","level":"info"}
{"message":"::1 - - [22/Mar/2021:20:54:02 +0000] \"POST /api/auth/login HTTP/1.1\" 200 80 \"-\" \"PostmanRuntime/7.26.10\"\n","level":"info"}
{"message":"::1 - - [22/Mar/2021:20:54:11 +0000] \"POST /api/sickDay HTTP/1.1\" 500 1954 \"-\" \"PostmanRuntime/7.26.10\"\n","level":"info"}
{"message":"::1 - - [22/Mar/2021:20:54:39 +0000] \"POST /api/sickDay HTTP/1.1\" 201 484 \"-\" \"PostmanRuntime/7.26.10\"\n","level":"info"}
{"message":"::1 - - [22/Mar/2021:20:55:08 +0000] \"POST /api/sickDay HTTP/1.1\" 201 484 \"-\" \"PostmanRuntime/7.26.10\"\n","level":"info"}
{"message":"::1 - - [22/Mar/2021:20:56:25 +0000] \"POST /api/sickDay HTTP/1.1\" 409 90 \"-\" \"PostmanRuntime/7.26.10\"\n","level":"info"}
{"message":"::1 - - [22/Mar/2021:20:56:41 +0000] \"POST /api/sickDay HTTP/1.1\" 409 90 \"-\" \"PostmanRuntime/7.26.10\"\n","level":"info"}
{"message":"::1 - - [22/Mar/2021:20:56:52 +0000] \"POST /api/sickDay HTTP/1.1\" 201 484 \"-\" \"PostmanRuntime/7.26.10\"\n","level":"info"}
{"message":"::1 - - [22/Mar/2021:20:57:26 +0000] \"POST /api/sickDay HTTP/1.1\" 201 192 \"-\" \"PostmanRuntime/7.26.10\"\n","level":"info"}
{"message":"::1 - - [23/Mar/2021:09:01:10 +0000] \"GET /api/vacationDay HTTP/1.1\" 403 70 \"-\" \"PostmanRuntime/7.26.10\"\n","level":"info"}
{"message":"::1 - - [23/Mar/2021:09:01:16 +0000] \"POST /api/auth/login HTTP/1.1\" 200 80 \"-\" \"PostmanRuntime/7.26.10\"\n","level":"info"}
{"message":"::1 - - [23/Mar/2021:09:01:21 +0000] \"GET /api/vacationDay/6057690f499e6c13a0dc61b3 HTTP/1.1\" 200 161 \"-\" \"PostmanRuntime/7.26.10\"\n","level":"info"}
{"message":"::1 - - [23/Mar/2021:09:01:26 +0000] \"GET /api/vacationDay/user/605606b734a1f63ec43ca5b3 HTTP/1.1\" 200 163 \"-\" \"PostmanRuntime/7.26.10\"\n","level":"info"}
{"message":"::1 - - [23/Mar/2021:09:01:29 +0000] \"GET /api/vacationDay HTTP/1.1\" 200 649 \"-\" \"PostmanRuntime/7.26.10\"\n","level":"info"}
{"message":"::1 - - [23/Mar/2021:09:01:59 +0000] \"GET /api/sickDay/user/605606b734a1f63ec43ca5b3 HTTP/1.1\" 200 166 \"-\" \"PostmanRuntime/7.26.10\"\n","level":"info"}
{"message":"::1 - - [23/Mar/2021:09:02:03 +0000] \"GET /api/sickDay HTTP/1.1\" 200 938 \"-\" \"PostmanRuntime/7.26.10\"\n","level":"info"}
{"message":"::1 - - [26/Mar/2021:19:50:29 +0000] \"POST /api/auth/register HTTP/1.1\" 409 224 \"http://localhost:3000/\" \"Mozilla/5.0 (Linux; Android 6.0; Nexus 5 Build/MRA58N) AppleWebKit/537.36 (KHTML, like Gecko) Chrome/89.0.4389.90 Mobile Safari/537.36\"\n","level":"info"}
{"message":"::1 - - [26/Mar/2021:19:55:33 +0000] \"POST /api/auth/register HTTP/1.1\" 409 224 \"http://localhost:3000/\" \"Mozilla/5.0 (Linux; Android 6.0; Nexus 5 Build/MRA58N) AppleWebKit/537.36 (KHTML, like Gecko) Chrome/89.0.4389.90 Mobile Safari/537.36\"\n","level":"info"}
{"message":"::1 - - [26/Mar/2021:20:00:26 +0000] \"GET /api/sickDay HTTP/1.1\" 403 70 \"http://localhost:3000/\" \"Mozilla/5.0 (Linux; Android 6.0; Nexus 5 Build/MRA58N) AppleWebKit/537.36 (KHTML, like Gecko) Chrome/89.0.4389.90 Mobile Safari/537.36\"\n","level":"info"}
{"message":"::1 - - [26/Mar/2021:20:02:40 +0000] \"POST /api/auth/register HTTP/1.1\" 201 89 \"http://localhost:3000/\" \"Mozilla/5.0 (Linux; Android 6.0; Nexus 5 Build/MRA58N) AppleWebKit/537.36 (KHTML, like Gecko) Chrome/89.0.4389.90 Mobile Safari/537.36\"\n","level":"info"}
{"message":"::1 - - [26/Mar/2021:20:03:16 +0000] \"GET /group1 HTTP/1.1\" 200 24 \"-\" \"Mozilla/5.0 (Windows NT 10.0; Win64; x64) AppleWebKit/537.36 (KHTML, like Gecko) Chrome/89.0.4389.90 Safari/537.36\"\n","level":"info"}
{"message":"::1 - - [26/Mar/2021:20:03:18 +0000] \"GET / HTTP/1.1\" 200 24 \"-\" \"Mozilla/5.0 (Windows NT 10.0; Win64; x64) AppleWebKit/537.36 (KHTML, like Gecko) Chrome/89.0.4389.90 Safari/537.36\"\n","level":"info"}
{"message":"::1 - - [26/Mar/2021:20:03:19 +0000] \"GET /favicon.ico HTTP/1.1\" 200 24 \"http://localhost:8080/\" \"Mozilla/5.0 (Windows NT 10.0; Win64; x64) AppleWebKit/537.36 (KHTML, like Gecko) Chrome/89.0.4389.90 Safari/537.36\"\n","level":"info"}
{"message":"::1 - - [26/Mar/2021:20:04:12 +0000] \"GET /home HTTP/1.1\" 200 24 \"http://localhost:3000/\" \"Mozilla/5.0 (Linux; Android 6.0; Nexus 5 Build/MRA58N) AppleWebKit/537.36 (KHTML, like Gecko) Chrome/89.0.4389.90 Mobile Safari/537.36\"\n","level":"info"}
{"message":"::1 - - [26/Mar/2021:20:04:48 +0000] \"GET /home HTTP/1.1\" 304 - \"http://localhost:3000/\" \"Mozilla/5.0 (Linux; Android 6.0; Nexus 5 Build/MRA58N) AppleWebKit/537.36 (KHTML, like Gecko) Chrome/89.0.4389.90 Mobile Safari/537.36\"\n","level":"info"}
{"message":"::1 - - [26/Mar/2021:20:04:53 +0000] \"GET /home HTTP/1.1\" 304 - \"http://localhost:3000/\" \"Mozilla/5.0 (Linux; Android 6.0; Nexus 5 Build/MRA58N) AppleWebKit/537.36 (KHTML, like Gecko) Chrome/89.0.4389.90 Mobile Safari/537.36\"\n","level":"info"}
{"message":"::1 - - [27/Mar/2021:10:34:43 +0000] \"POST /api/auth/login HTTP/1.1\" 200 80 \"http://localhost:3000/\" \"Mozilla/5.0 (Linux; Android 6.0; Nexus 5 Build/MRA58N) AppleWebKit/537.36 (KHTML, like Gecko) Chrome/89.0.4389.90 Mobile Safari/537.36\"\n","level":"info"}
{"message":"::1 - - [27/Mar/2021:10:36:15 +0000] \"POST /api/auth/login HTTP/1.1\" 200 80 \"http://localhost:3000/\" \"Mozilla/5.0 (Linux; Android 6.0; Nexus 5 Build/MRA58N) AppleWebKit/537.36 (KHTML, like Gecko) Chrome/89.0.4389.90 Mobile Safari/537.36\"\n","level":"info"}
{"message":"::1 - - [27/Mar/2021:14:25:12 +0000] \"GET /home HTTP/1.1\" 304 - \"http://localhost:3000/\" \"Mozilla/5.0 (Windows NT 10.0; Win64; x64) AppleWebKit/537.36 (KHTML, like Gecko) Chrome/89.0.4389.90 Safari/537.36\"\n","level":"info"}
{"message":"::1 - - [27/Mar/2021:14:25:29 +0000] \"POST /api/login HTTP/1.1\" 404 149 \"http://localhost:3000/\" \"Mozilla/5.0 (Linux; Android 6.0; Nexus 5 Build/MRA58N) AppleWebKit/537.36 (KHTML, like Gecko) Chrome/89.0.4389.90 Mobile Safari/537.36\"\n","level":"info"}
{"message":"::1 - - [27/Mar/2021:14:25:48 +0000] \"POST /api/auth/login HTTP/1.1\" 200 80 \"http://localhost:3000/\" \"Mozilla/5.0 (Linux; Android 6.0; Nexus 5 Build/MRA58N) AppleWebKit/537.36 (KHTML, like Gecko) Chrome/89.0.4389.90 Mobile Safari/537.36\"\n","level":"info"}
{"message":"::1 - - [27/Mar/2021:14:26:50 +0000] \"POST /api/auth/login HTTP/1.1\" 200 80 \"http://localhost:3000/\" \"Mozilla/5.0 (Linux; Android 6.0; Nexus 5 Build/MRA58N) AppleWebKit/537.36 (KHTML, like Gecko) Chrome/89.0.4389.90 Mobile Safari/537.36\"\n","level":"info"}
{"message":"::1 - - [27/Mar/2021:14:26:50 +0000] \"POST /api/auth/login HTTP/1.1\" 200 80 \"http://localhost:3000/\" \"Mozilla/5.0 (Linux; Android 6.0; Nexus 5 Build/MRA58N) AppleWebKit/537.36 (KHTML, like Gecko) Chrome/89.0.4389.90 Mobile Safari/537.36\"\n","level":"info"}
{"message":"::1 - - [27/Mar/2021:14:27:19 +0000] \"POST /api/auth/login HTTP/1.1\" 200 80 \"http://localhost:3000/\" \"Mozilla/5.0 (Linux; Android 6.0; Nexus 5 Build/MRA58N) AppleWebKit/537.36 (KHTML, like Gecko) Chrome/89.0.4389.90 Mobile Safari/537.36\"\n","level":"info"}
{"message":"::1 - - [27/Mar/2021:14:27:19 +0000] \"POST /api/auth/login HTTP/1.1\" 200 80 \"http://localhost:3000/\" \"Mozilla/5.0 (Linux; Android 6.0; Nexus 5 Build/MRA58N) AppleWebKit/537.36 (KHTML, like Gecko) Chrome/89.0.4389.90 Mobile Safari/537.36\"\n","level":"info"}
{"message":"::1 - - [27/Mar/2021:14:28:07 +0000] \"POST /api/auth/login HTTP/1.1\" 200 80 \"http://localhost:3000/\" \"Mozilla/5.0 (Linux; Android 6.0; Nexus 5 Build/MRA58N) AppleWebKit/537.36 (KHTML, like Gecko) Chrome/89.0.4389.90 Mobile Safari/537.36\"\n","level":"info"}
{"message":"::1 - - [27/Mar/2021:14:29:29 +0000] \"POST /api/auth/login HTTP/1.1\" 200 80 \"http://localhost:3000/\" \"Mozilla/5.0 (Linux; Android 6.0; Nexus 5 Build/MRA58N) AppleWebKit/537.36 (KHTML, like Gecko) Chrome/89.0.4389.90 Mobile Safari/537.36\"\n","level":"info"}
{"message":"::1 - - [27/Mar/2021:14:29:46 +0000] \"POST /api/auth/login HTTP/1.1\" 200 80 \"http://localhost:3000/\" \"Mozilla/5.0 (Linux; Android 6.0; Nexus 5 Build/MRA58N) AppleWebKit/537.36 (KHTML, like Gecko) Chrome/89.0.4389.90 Mobile Safari/537.36\"\n","level":"info"}
{"message":"::1 - - [27/Mar/2021:14:30:44 +0000] \"POST /api/auth/login HTTP/1.1\" 200 80 \"http://localhost:3000/\" \"Mozilla/5.0 (Linux; Android 6.0; Nexus 5 Build/MRA58N) AppleWebKit/537.36 (KHTML, like Gecko) Chrome/89.0.4389.90 Mobile Safari/537.36\"\n","level":"info"}
{"message":"::1 - - [27/Mar/2021:14:31:01 +0000] \"POST /api/auth/login HTTP/1.1\" 200 80 \"http://localhost:3000/\" \"Mozilla/5.0 (Linux; Android 6.0; Nexus 5 Build/MRA58N) AppleWebKit/537.36 (KHTML, like Gecko) Chrome/89.0.4389.90 Mobile Safari/537.36\"\n","level":"info"}
{"message":"::1 - - [27/Mar/2021:14:51:57 +0000] \"POST /api/auth/login HTTP/1.1\" 200 298 \"-\" \"PostmanRuntime/7.26.10\"\n","level":"info"}
{"message":"::1 - - [27/Mar/2021:14:56:47 +0000] \"POST /api/auth/login HTTP/1.1\" 409 79 \"-\" \"PostmanRuntime/7.26.10\"\n","level":"info"}
{"message":"::1 - - [27/Mar/2021:14:57:24 +0000] \"POST /api/auth/logout HTTP/1.1\" 200 79 \"-\" \"PostmanRuntime/7.26.10\"\n","level":"info"}
{"message":"::1 - - [27/Mar/2021:14:57:36 +0000] \"POST /api/auth/login HTTP/1.1\" 200 298 \"-\" \"PostmanRuntime/7.26.10\"\n","level":"info"}
{"message":"::1 - - [27/Mar/2021:15:00:21 +0000] \"POST /api/auth/login HTTP/1.1\" 200 298 \"-\" \"PostmanRuntime/7.26.10\"\n","level":"info"}
{"message":"::1 - - [27/Mar/2021:15:00:24 +0000] \"POST /api/auth/login HTTP/1.1\" 200 298 \"-\" \"PostmanRuntime/7.26.10\"\n","level":"info"}
{"message":"::1 - - [27/Mar/2021:15:01:26 +0000] \"POST /api/auth/login HTTP/1.1\" 200 298 \"-\" \"PostmanRuntime/7.26.10\"\n","level":"info"}
{"message":"::1 - - [27/Mar/2021:15:01:49 +0000] \"POST /api/auth/login HTTP/1.1\" 200 298 \"-\" \"PostmanRuntime/7.26.10\"\n","level":"info"}
{"message":"::1 - - [27/Mar/2021:15:02:28 +0000] \"POST /api/auth/login HTTP/1.1\" 200 298 \"-\" \"PostmanRuntime/7.26.10\"\n","level":"info"}
{"message":"::1 - - [27/Mar/2021:15:04:44 +0000] \"POST /api/auth/login HTTP/1.1\" 200 295 \"http://localhost:3000/\" \"Mozilla/5.0 (Linux; Android 6.0; Nexus 5 Build/MRA58N) AppleWebKit/537.36 (KHTML, like Gecko) Chrome/89.0.4389.90 Mobile Safari/537.36\"\n","level":"info"}
{"message":"::1 - - [27/Mar/2021:15:05:16 +0000] \"POST /api/auth/login HTTP/1.1\" 200 295 \"http://localhost:3000/\" \"Mozilla/5.0 (Linux; Android 6.0; Nexus 5 Build/MRA58N) AppleWebKit/537.36 (KHTML, like Gecko) Chrome/89.0.4389.90 Mobile Safari/537.36\"\n","level":"info"}
{"message":"::1 - - [27/Mar/2021:15:05:48 +0000] \"POST /api/auth/login HTTP/1.1\" 200 295 \"http://localhost:3000/\" \"Mozilla/5.0 (Linux; Android 6.0; Nexus 5 Build/MRA58N) AppleWebKit/537.36 (KHTML, like Gecko) Chrome/89.0.4389.90 Mobile Safari/537.36\"\n","level":"info"}
{"message":"::1 - - [27/Mar/2021:15:06:07 +0000] \"POST /api/auth/login HTTP/1.1\" 200 295 \"http://localhost:3000/\" \"Mozilla/5.0 (Linux; Android 6.0; Nexus 5 Build/MRA58N) AppleWebKit/537.36 (KHTML, like Gecko) Chrome/89.0.4389.90 Mobile Safari/537.36\"\n","level":"info"}
{"message":"::1 - - [27/Mar/2021:15:09:29 +0000] \"POST /api/auth/login HTTP/1.1\" 200 295 \"http://localhost:3000/\" \"Mozilla/5.0 (Linux; Android 6.0; Nexus 5 Build/MRA58N) AppleWebKit/537.36 (KHTML, like Gecko) Chrome/89.0.4389.90 Mobile Safari/537.36\"\n","level":"info"}
{"message":"::1 - - [27/Mar/2021:15:09:55 +0000] \"POST /api/auth/login HTTP/1.1\" 200 295 \"http://localhost:3000/\" \"Mozilla/5.0 (Linux; Android 6.0; Nexus 5 Build/MRA58N) AppleWebKit/537.36 (KHTML, like Gecko) Chrome/89.0.4389.90 Mobile Safari/537.36\"\n","level":"info"}
{"message":"::1 - - [27/Mar/2021:15:10:22 +0000] \"POST /api/auth/login HTTP/1.1\" 200 295 \"http://localhost:3000/\" \"Mozilla/5.0 (Linux; Android 6.0; Nexus 5 Build/MRA58N) AppleWebKit/537.36 (KHTML, like Gecko) Chrome/89.0.4389.90 Mobile Safari/537.36\"\n","level":"info"}
{"message":"::1 - - [27/Mar/2021:15:11:55 +0000] \"POST /api/auth/login HTTP/1.1\" 200 295 \"http://localhost:3000/\" \"Mozilla/5.0 (Linux; Android 6.0; Nexus 5 Build/MRA58N) AppleWebKit/537.36 (KHTML, like Gecko) Chrome/89.0.4389.90 Mobile Safari/537.36\"\n","level":"info"}
{"message":"::1 - - [27/Mar/2021:15:13:03 +0000] \"POST /api/auth/login HTTP/1.1\" 200 295 \"http://localhost:3000/\" \"Mozilla/5.0 (Linux; Android 6.0; Nexus 5 Build/MRA58N) AppleWebKit/537.36 (KHTML, like Gecko) Chrome/89.0.4389.90 Mobile Safari/537.36\"\n","level":"info"}
{"message":"::1 - - [27/Mar/2021:15:13:25 +0000] \"POST /api/auth/login HTTP/1.1\" 409 79 \"http://localhost:3000/\" \"Mozilla/5.0 (Linux; Android 6.0; Nexus 5 Build/MRA58N) AppleWebKit/537.36 (KHTML, like Gecko) Chrome/89.0.4389.90 Mobile Safari/537.36\"\n","level":"info"}
{"message":"::1 - - [27/Mar/2021:15:13:27 +0000] \"POST /api/auth/login HTTP/1.1\" 409 79 \"http://localhost:3000/\" \"Mozilla/5.0 (Linux; Android 6.0; Nexus 5 Build/MRA58N) AppleWebKit/537.36 (KHTML, like Gecko) Chrome/89.0.4389.90 Mobile Safari/537.36\"\n","level":"info"}
{"message":"::1 - - [27/Mar/2021:15:30:50 +0000] \"POST /api/auth/login HTTP/1.1\" 200 298 \"-\" \"PostmanRuntime/7.26.10\"\n","level":"info"}
{"message":"::1 - - [27/Mar/2021:15:31:17 +0000] \"POST /api/auth/login HTTP/1.1\" 409 79 \"-\" \"PostmanRuntime/7.26.10\"\n","level":"info"}
{"message":"::1 - - [27/Mar/2021:15:36:05 +0000] \"POST /api/auth/login HTTP/1.1\" 409 79 \"http://localhost:3000/\" \"Mozilla/5.0 (Linux; Android 6.0; Nexus 5 Build/MRA58N) AppleWebKit/537.36 (KHTML, like Gecko) Chrome/89.0.4389.90 Mobile Safari/537.36\"\n","level":"info"}
{"message":"::1 - - [27/Mar/2021:15:41:24 +0000] \"POST /api/auth/login HTTP/1.1\" 200 295 \"http://localhost:3000/\" \"Mozilla/5.0 (Linux; Android 6.0; Nexus 5 Build/MRA58N) AppleWebKit/537.36 (KHTML, like Gecko) Chrome/89.0.4389.90 Mobile Safari/537.36\"\n","level":"info"}
{"message":"::1 - - [27/Mar/2021:15:41:51 +0000] \"POST /api/auth/login HTTP/1.1\" 200 295 \"http://localhost:3000/\" \"Mozilla/5.0 (Linux; Android 6.0; Nexus 5 Build/MRA58N) AppleWebKit/537.36 (KHTML, like Gecko) Chrome/89.0.4389.90 Mobile Safari/537.36\"\n","level":"info"}
{"message":"::1 - - [27/Mar/2021:15:45:45 +0000] \"POST /api/auth/login HTTP/1.1\" 409 79 \"-\" \"PostmanRuntime/7.26.10\"\n","level":"info"}
{"message":"::1 - - [27/Mar/2021:15:45:51 +0000] \"POST /api/auth/login HTTP/1.1\" 200 298 \"-\" \"PostmanRuntime/7.26.10\"\n","level":"info"}
{"message":"::1 - - [27/Mar/2021:15:46:17 +0000] \"POST /api/auth/login HTTP/1.1\" 200 298 \"-\" \"PostmanRuntime/7.26.10\"\n","level":"info"}
{"message":"::1 - - [27/Mar/2021:15:46:18 +0000] \"POST /api/auth/login HTTP/1.1\" 200 298 \"-\" \"PostmanRuntime/7.26.10\"\n","level":"info"}
{"message":"::1 - - [27/Mar/2021:15:46:19 +0000] \"POST /api/auth/login HTTP/1.1\" 200 298 \"-\" \"PostmanRuntime/7.26.10\"\n","level":"info"}
{"message":"::1 - - [27/Mar/2021:15:46:19 +0000] \"POST /api/auth/login HTTP/1.1\" 200 298 \"-\" \"PostmanRuntime/7.26.10\"\n","level":"info"}
{"message":"::1 - - [27/Mar/2021:15:46:20 +0000] \"POST /api/auth/login HTTP/1.1\" 200 298 \"-\" \"PostmanRuntime/7.26.10\"\n","level":"info"}
{"message":"::1 - - [27/Mar/2021:15:47:32 +0000] \"POST /api/auth/login HTTP/1.1\" 200 295 \"http://localhost:3000/\" \"Mozilla/5.0 (Linux; Android 6.0; Nexus 5 Build/MRA58N) AppleWebKit/537.36 (KHTML, like Gecko) Chrome/89.0.4389.90 Mobile Safari/537.36\"\n","level":"info"}
{"message":"::1 - - [27/Mar/2021:15:47:48 +0000] \"POST /api/auth/login HTTP/1.1\" 200 295 \"http://localhost:3000/\" \"Mozilla/5.0 (Linux; Android 6.0; Nexus 5 Build/MRA58N) AppleWebKit/537.36 (KHTML, like Gecko) Chrome/89.0.4389.90 Mobile Safari/537.36\"\n","level":"info"}
{"message":"::1 - - [27/Mar/2021:15:48:39 +0000] \"POST /api/auth/login HTTP/1.1\" 200 295 \"http://localhost:3000/\" \"Mozilla/5.0 (Linux; Android 6.0; Nexus 5 Build/MRA58N) AppleWebKit/537.36 (KHTML, like Gecko) Chrome/89.0.4389.90 Mobile Safari/537.36\"\n","level":"info"}
{"message":"::1 - - [27/Mar/2021:15:52:10 +0000] \"POST /api/auth/login HTTP/1.1\" 200 295 \"http://localhost:3000/\" \"Mozilla/5.0 (Linux; Android 6.0; Nexus 5 Build/MRA58N) AppleWebKit/537.36 (KHTML, like Gecko) Chrome/89.0.4389.90 Mobile Safari/537.36\"\n","level":"info"}
{"message":"::1 - - [27/Mar/2021:15:52:46 +0000] \"POST /api/auth/login HTTP/1.1\" 200 295 \"http://localhost:3000/\" \"Mozilla/5.0 (Linux; Android 6.0; Nexus 5 Build/MRA58N) AppleWebKit/537.36 (KHTML, like Gecko) Chrome/89.0.4389.90 Mobile Safari/537.36\"\n","level":"info"}
{"message":"::1 - - [27/Mar/2021:15:53:52 +0000] \"POST /api/auth/login HTTP/1.1\" 200 295 \"http://localhost:3000/\" \"Mozilla/5.0 (Linux; Android 6.0; Nexus 5 Build/MRA58N) AppleWebKit/537.36 (KHTML, like Gecko) Chrome/89.0.4389.90 Mobile Safari/537.36\"\n","level":"info"}
{"message":"::1 - - [27/Mar/2021:15:54:06 +0000] \"POST /api/auth/login HTTP/1.1\" 200 295 \"http://localhost:3000/\" \"Mozilla/5.0 (Linux; Android 6.0; Nexus 5 Build/MRA58N) AppleWebKit/537.36 (KHTML, like Gecko) Chrome/89.0.4389.90 Mobile Safari/537.36\"\n","level":"info"}
{"message":"::1 - - [27/Mar/2021:15:54:08 +0000] \"POST /api/auth/login HTTP/1.1\" 200 295 \"http://localhost:3000/\" \"Mozilla/5.0 (Linux; Android 6.0; Nexus 5 Build/MRA58N) AppleWebKit/537.36 (KHTML, like Gecko) Chrome/89.0.4389.90 Mobile Safari/537.36\"\n","level":"info"}
{"message":"::1 - - [27/Mar/2021:15:55:34 +0000] \"POST /api/auth/login HTTP/1.1\" 200 295 \"http://localhost:3000/\" \"Mozilla/5.0 (Linux; Android 6.0; Nexus 5 Build/MRA58N) AppleWebKit/537.36 (KHTML, like Gecko) Chrome/89.0.4389.90 Mobile Safari/537.36\"\n","level":"info"}
{"message":"::1 - - [27/Mar/2021:15:56:15 +0000] \"POST /api/auth/login HTTP/1.1\" 200 295 \"http://localhost:3000/\" \"Mozilla/5.0 (Linux; Android 6.0; Nexus 5 Build/MRA58N) AppleWebKit/537.36 (KHTML, like Gecko) Chrome/89.0.4389.90 Mobile Safari/537.36\"\n","level":"info"}
{"message":"::1 - - [27/Mar/2021:15:57:11 +0000] \"POST /api/auth/login HTTP/1.1\" 200 295 \"http://localhost:3000/\" \"Mozilla/5.0 (Linux; Android 6.0; Nexus 5 Build/MRA58N) AppleWebKit/537.36 (KHTML, like Gecko) Chrome/89.0.4389.90 Mobile Safari/537.36\"\n","level":"info"}
{"message":"::1 - - [27/Mar/2021:15:57:24 +0000] \"POST /api/auth/login HTTP/1.1\" 200 295 \"http://localhost:3000/\" \"Mozilla/5.0 (Linux; Android 6.0; Nexus 5 Build/MRA58N) AppleWebKit/537.36 (KHTML, like Gecko) Chrome/89.0.4389.90 Mobile Safari/537.36\"\n","level":"info"}
{"message":"::1 - - [27/Mar/2021:15:57:54 +0000] \"POST /api/auth/login HTTP/1.1\" 200 295 \"http://localhost:3000/\" \"Mozilla/5.0 (Linux; Android 6.0; Nexus 5 Build/MRA58N) AppleWebKit/537.36 (KHTML, like Gecko) Chrome/89.0.4389.90 Mobile Safari/537.36\"\n","level":"info"}
{"message":"::1 - - [27/Mar/2021:16:01:47 +0000] \"POST /api/auth/login HTTP/1.1\" 200 298 \"-\" \"PostmanRuntime/7.26.10\"\n","level":"info"}
{"message":"::1 - - [27/Mar/2021:16:01:57 +0000] \"POST /api/auth/logout HTTP/1.1\" 200 79 \"-\" \"PostmanRuntime/7.26.10\"\n","level":"info"}
{"message":"::1 - - [27/Mar/2021:16:02:00 +0000] \"POST /api/auth/logout HTTP/1.1\" 200 79 \"-\" \"PostmanRuntime/7.26.10\"\n","level":"info"}
{"message":"::1 - - [27/Mar/2021:16:02:20 +0000] \"POST /api/auth/login HTTP/1.1\" 200 298 \"-\" \"PostmanRuntime/7.26.10\"\n","level":"info"}
{"message":"::1 - - [27/Mar/2021:16:03:05 +0000] \"POST /api/auth/login HTTP/1.1\" 200 298 \"-\" \"PostmanRuntime/7.26.10\"\n","level":"info"}
{"message":"::1 - - [27/Mar/2021:16:12:03 +0000] \"POST /api/auth/login HTTP/1.1\" 200 295 \"http://localhost:3000/\" \"Mozilla/5.0 (Linux; Android 6.0; Nexus 5 Build/MRA58N) AppleWebKit/537.36 (KHTML, like Gecko) Chrome/89.0.4389.90 Mobile Safari/537.36\"\n","level":"info"}
{"message":"::1 - - [27/Mar/2021:16:12:35 +0000] \"POST /api/auth/login HTTP/1.1\" 200 295 \"http://localhost:3000/\" \"Mozilla/5.0 (Linux; Android 6.0; Nexus 5 Build/MRA58N) AppleWebKit/537.36 (KHTML, like Gecko) Chrome/89.0.4389.90 Mobile Safari/537.36\"\n","level":"info"}
{"message":"::1 - - [27/Mar/2021:16:13:08 +0000] \"POST /api/auth/login HTTP/1.1\" 200 295 \"http://localhost:3000/\" \"Mozilla/5.0 (Linux; Android 6.0; Nexus 5 Build/MRA58N) AppleWebKit/537.36 (KHTML, like Gecko) Chrome/89.0.4389.90 Mobile Safari/537.36\"\n","level":"info"}
{"message":"::1 - - [27/Mar/2021:16:13:29 +0000] \"POST /api/auth/login HTTP/1.1\" 200 295 \"http://localhost:3000/\" \"Mozilla/5.0 (Linux; Android 6.0; Nexus 5 Build/MRA58N) AppleWebKit/537.36 (KHTML, like Gecko) Chrome/89.0.4389.90 Mobile Safari/537.36\"\n","level":"info"}
{"message":"::1 - - [27/Mar/2021:16:13:50 +0000] \"POST /api/auth/login HTTP/1.1\" 200 295 \"http://localhost:3000/\" \"Mozilla/5.0 (Linux; Android 6.0; Nexus 5 Build/MRA58N) AppleWebKit/537.36 (KHTML, like Gecko) Chrome/89.0.4389.90 Mobile Safari/537.36\"\n","level":"info"}
{"message":"::1 - - [27/Mar/2021:16:13:59 +0000] \"POST /api/auth/login HTTP/1.1\" 200 295 \"http://localhost:3000/\" \"Mozilla/5.0 (Linux; Android 6.0; Nexus 5 Build/MRA58N) AppleWebKit/537.36 (KHTML, like Gecko) Chrome/89.0.4389.90 Mobile Safari/537.36\"\n","level":"info"}
{"message":"::1 - - [27/Mar/2021:16:14:12 +0000] \"POST /api/auth/login HTTP/1.1\" 200 295 \"http://localhost:3000/\" \"Mozilla/5.0 (Linux; Android 6.0; Nexus 5 Build/MRA58N) AppleWebKit/537.36 (KHTML, like Gecko) Chrome/89.0.4389.90 Mobile Safari/537.36\"\n","level":"info"}
{"message":"::1 - - [27/Mar/2021:16:18:10 +0000] \"POST /api/auth/login HTTP/1.1\" 200 295 \"http://localhost:3000/\" \"Mozilla/5.0 (Linux; Android 6.0; Nexus 5 Build/MRA58N) AppleWebKit/537.36 (KHTML, like Gecko) Chrome/89.0.4389.90 Mobile Safari/537.36\"\n","level":"info"}
{"message":"::1 - - [27/Mar/2021:16:19:19 +0000] \"POST /api/auth/login HTTP/1.1\" 200 295 \"http://localhost:3000/\" \"Mozilla/5.0 (Linux; Android 6.0; Nexus 5 Build/MRA58N) AppleWebKit/537.36 (KHTML, like Gecko) Chrome/89.0.4389.90 Mobile Safari/537.36\"\n","level":"info"}
{"message":"::1 - - [27/Mar/2021:16:19:48 +0000] \"POST /api/auth/login HTTP/1.1\" 200 295 \"http://localhost:3000/\" \"Mozilla/5.0 (Linux; Android 6.0; Nexus 5 Build/MRA58N) AppleWebKit/537.36 (KHTML, like Gecko) Chrome/89.0.4389.90 Mobile Safari/537.36\"\n","level":"info"}
{"message":"::1 - - [27/Mar/2021:16:20:07 +0000] \"POST /api/auth/login HTTP/1.1\" 200 295 \"http://localhost:3000/\" \"Mozilla/5.0 (Linux; Android 6.0; Nexus 5 Build/MRA58N) AppleWebKit/537.36 (KHTML, like Gecko) Chrome/89.0.4389.90 Mobile Safari/537.36\"\n","level":"info"}
{"message":"::1 - - [27/Mar/2021:16:20:20 +0000] \"POST /api/auth/login HTTP/1.1\" 200 295 \"http://localhost:3000/\" \"Mozilla/5.0 (Linux; Android 6.0; Nexus 5 Build/MRA58N) AppleWebKit/537.36 (KHTML, like Gecko) Chrome/89.0.4389.90 Mobile Safari/537.36\"\n","level":"info"}
{"message":"::1 - - [27/Mar/2021:16:22:34 +0000] \"POST /api/auth/login HTTP/1.1\" 200 295 \"http://localhost:3000/\" \"Mozilla/5.0 (Linux; Android 6.0; Nexus 5 Build/MRA58N) AppleWebKit/537.36 (KHTML, like Gecko) Chrome/89.0.4389.90 Mobile Safari/537.36\"\n","level":"info"}
{"message":"::1 - - [27/Mar/2021:16:26:54 +0000] \"GET /api/auth/admin HTTP/1.1\" 200 12 \"http://localhost:3000/\" \"Mozilla/5.0 (Linux; Android 6.0; Nexus 5 Build/MRA58N) AppleWebKit/537.36 (KHTML, like Gecko) Chrome/89.0.4389.90 Mobile Safari/537.36\"\n","level":"info"}
{"message":"::1 - - [27/Mar/2021:16:26:54 +0000] \"POST /api/auth/login HTTP/1.1\" 200 295 \"http://localhost:3000/\" \"Mozilla/5.0 (Linux; Android 6.0; Nexus 5 Build/MRA58N) AppleWebKit/537.36 (KHTML, like Gecko) Chrome/89.0.4389.90 Mobile Safari/537.36\"\n","level":"info"}
{"message":"::1 - - [27/Mar/2021:16:27:15 +0000] \"GET /api/auth/admin HTTP/1.1\" 403 70 \"http://localhost:3000/\" \"Mozilla/5.0 (Linux; Android 6.0; Nexus 5 Build/MRA58N) AppleWebKit/537.36 (KHTML, like Gecko) Chrome/89.0.4389.90 Mobile Safari/537.36\"\n","level":"info"}
{"message":"::1 - - [27/Mar/2021:16:27:15 +0000] \"POST /api/auth/login HTTP/1.1\" 200 295 \"http://localhost:3000/\" \"Mozilla/5.0 (Linux; Android 6.0; Nexus 5 Build/MRA58N) AppleWebKit/537.36 (KHTML, like Gecko) Chrome/89.0.4389.90 Mobile Safari/537.36\"\n","level":"info"}
{"message":"::1 - - [27/Mar/2021:16:44:33 +0000] \"GET /home HTTP/1.1\" 304 - \"http://localhost:3000/\" \"Mozilla/5.0 (Windows NT 10.0; Win64; x64) AppleWebKit/537.36 (KHTML, like Gecko) Chrome/89.0.4389.90 Safari/537.36\"\n","level":"info"}
{"message":"::1 - - [27/Mar/2021:16:44:36 +0000] \"GET /home HTTP/1.1\" 304 - \"http://localhost:3000/\" \"Mozilla/5.0 (Windows NT 10.0; Win64; x64) AppleWebKit/537.36 (KHTML, like Gecko) Chrome/89.0.4389.90 Safari/537.36\"\n","level":"info"}
{"message":"::1 - - [27/Mar/2021:16:51:17 +0000] \"GET /home HTTP/1.1\" 304 - \"http://localhost:3000/\" \"Mozilla/5.0 (Windows NT 10.0; Win64; x64) AppleWebKit/537.36 (KHTML, like Gecko) Chrome/89.0.4389.90 Safari/537.36\"\n","level":"info"}
{"message":"::1 - - [27/Mar/2021:16:52:03 +0000] \"GET /home HTTP/1.1\" 304 - \"http://localhost:3000/\" \"Mozilla/5.0 (Windows NT 10.0; Win64; x64) AppleWebKit/537.36 (KHTML, like Gecko) Chrome/89.0.4389.90 Safari/537.36\"\n","level":"info"}
{"message":"::1 - - [27/Mar/2021:16:52:11 +0000] \"GET /home HTTP/1.1\" 304 - \"http://localhost:3000/\" \"Mozilla/5.0 (Windows NT 10.0; Win64; x64) AppleWebKit/537.36 (KHTML, like Gecko) Chrome/89.0.4389.90 Safari/537.36\"\n","level":"info"}
{"message":"::1 - - [27/Mar/2021:16:53:49 +0000] \"GET /home HTTP/1.1\" 304 - \"http://localhost:3000/\" \"Mozilla/5.0 (Windows NT 10.0; Win64; x64) AppleWebKit/537.36 (KHTML, like Gecko) Chrome/89.0.4389.90 Safari/537.36\"\n","level":"info"}
{"message":"::1 - - [27/Mar/2021:17:10:30 +0000] \"GET /home HTTP/1.1\" 304 - \"http://localhost:3000/\" \"Mozilla/5.0 (Windows NT 10.0; Win64; x64) AppleWebKit/537.36 (KHTML, like Gecko) Chrome/89.0.4389.90 Safari/537.36\"\n","level":"info"}
{"message":"::1 - - [27/Mar/2021:17:12:26 +0000] \"GET /home HTTP/1.1\" 304 - \"http://localhost:3000/\" \"Mozilla/5.0 (Windows NT 10.0; Win64; x64) AppleWebKit/537.36 (KHTML, like Gecko) Chrome/89.0.4389.90 Safari/537.36\"\n","level":"info"}
{"message":"::1 - - [27/Mar/2021:17:29:35 +0000] \"GET /home HTTP/1.1\" 304 - \"http://localhost:3000/\" \"Mozilla/5.0 (Windows NT 10.0; Win64; x64) AppleWebKit/537.36 (KHTML, like Gecko) Chrome/89.0.4389.90 Safari/537.36\"\n","level":"info"}
{"message":"::1 - - [27/Mar/2021:17:30:05 +0000] \"GET /home HTTP/1.1\" 304 - \"http://localhost:3000/\" \"Mozilla/5.0 (Windows NT 10.0; Win64; x64) AppleWebKit/537.36 (KHTML, like Gecko) Chrome/89.0.4389.90 Safari/537.36\"\n","level":"info"}
{"message":"::1 - - [27/Mar/2021:17:30:51 +0000] \"GET /home HTTP/1.1\" 304 - \"http://localhost:3000/\" \"Mozilla/5.0 (Windows NT 10.0; Win64; x64) AppleWebKit/537.36 (KHTML, like Gecko) Chrome/89.0.4389.90 Safari/537.36\"\n","level":"info"}
{"message":"::1 - - [27/Mar/2021:17:31:03 +0000] \"GET /home HTTP/1.1\" 304 - \"http://localhost:3000/\" \"Mozilla/5.0 (Windows NT 10.0; Win64; x64) AppleWebKit/537.36 (KHTML, like Gecko) Chrome/89.0.4389.90 Safari/537.36\"\n","level":"info"}
{"message":"::1 - - [27/Mar/2021:17:53:44 +0000] \"GET /home HTTP/1.1\" 304 - \"http://localhost:3000/\" \"Mozilla/5.0 (Windows NT 10.0; Win64; x64) AppleWebKit/537.36 (KHTML, like Gecko) Chrome/89.0.4389.90 Safari/537.36\"\n","level":"info"}
{"message":"::1 - - [27/Mar/2021:17:55:42 +0000] \"GET /home HTTP/1.1\" 304 - \"http://localhost:3000/\" \"Mozilla/5.0 (Windows NT 10.0; Win64; x64) AppleWebKit/537.36 (KHTML, like Gecko) Chrome/89.0.4389.90 Safari/537.36\"\n","level":"info"}
{"message":"::1 - - [27/Mar/2021:22:45:38 +0000] \"GET /home HTTP/1.1\" 304 - \"http://localhost:3000/\" \"Mozilla/5.0 (Linux; Android 6.0; Nexus 5 Build/MRA58N) AppleWebKit/537.36 (KHTML, like Gecko) Chrome/89.0.4389.90 Mobile Safari/537.36\"\n","level":"info"}
{"message":"::1 - - [28/Mar/2021:09:15:24 +0000] \"GET /home HTTP/1.1\" 304 - \"http://localhost:3000/\" \"Mozilla/5.0 (Windows NT 10.0; Win64; x64) AppleWebKit/537.36 (KHTML, like Gecko) Chrome/89.0.4389.90 Safari/537.36\"\n","level":"info"}
{"message":"::1 - - [28/Mar/2021:09:21:32 +0000] \"GET /home HTTP/1.1\" 304 - \"http://localhost:3000/\" \"Mozilla/5.0 (Windows NT 10.0; Win64; x64) AppleWebKit/537.36 (KHTML, like Gecko) Chrome/89.0.4389.90 Safari/537.36\"\n","level":"info"}
{"message":"::1 - - [28/Mar/2021:09:21:58 +0000] \"GET /home HTTP/1.1\" 304 - \"http://localhost:3000/\" \"Mozilla/5.0 (Windows NT 10.0; Win64; x64) AppleWebKit/537.36 (KHTML, like Gecko) Chrome/89.0.4389.90 Safari/537.36\"\n","level":"info"}
{"message":"::1 - - [28/Mar/2021:09:23:52 +0000] \"GET /home HTTP/1.1\" 304 - \"http://localhost:3000/\" \"Mozilla/5.0 (Windows NT 10.0; Win64; x64) AppleWebKit/537.36 (KHTML, like Gecko) Chrome/89.0.4389.90 Safari/537.36\"\n","level":"info"}
{"message":"::1 - - [28/Mar/2021:09:23:55 +0000] \"GET /home HTTP/1.1\" 304 - \"http://localhost:3000/\" \"Mozilla/5.0 (Windows NT 10.0; Win64; x64) AppleWebKit/537.36 (KHTML, like Gecko) Chrome/89.0.4389.90 Safari/537.36\"\n","level":"info"}
{"message":"::1 - - [28/Mar/2021:09:24:33 +0000] \"GET /home HTTP/1.1\" 304 - \"http://localhost:3000/\" \"Mozilla/5.0 (Windows NT 10.0; Win64; x64) AppleWebKit/537.36 (KHTML, like Gecko) Chrome/89.0.4389.90 Safari/537.36\"\n","level":"info"}
{"message":"::1 - - [28/Mar/2021:09:25:40 +0000] \"GET /home HTTP/1.1\" 304 - \"http://localhost:3000/\" \"Mozilla/5.0 (Windows NT 10.0; Win64; x64) AppleWebKit/537.36 (KHTML, like Gecko) Chrome/89.0.4389.90 Safari/537.36\"\n","level":"info"}
{"message":"::1 - - [28/Mar/2021:09:26:25 +0000] \"GET /home HTTP/1.1\" 304 - \"http://localhost:3000/\" \"Mozilla/5.0 (Windows NT 10.0; Win64; x64) AppleWebKit/537.36 (KHTML, like Gecko) Chrome/89.0.4389.90 Safari/537.36\"\n","level":"info"}
{"message":"::1 - - [28/Mar/2021:09:32:35 +0000] \"GET /home HTTP/1.1\" 304 - \"http://localhost:3000/\" \"Mozilla/5.0 (Windows NT 10.0; Win64; x64) AppleWebKit/537.36 (KHTML, like Gecko) Chrome/89.0.4389.90 Safari/537.36\"\n","level":"info"}
{"message":"::1 - - [28/Mar/2021:09:32:47 +0000] \"GET /home HTTP/1.1\" 304 - \"http://localhost:3000/\" \"Mozilla/5.0 (Windows NT 10.0; Win64; x64) AppleWebKit/537.36 (KHTML, like Gecko) Chrome/89.0.4389.90 Safari/537.36\"\n","level":"info"}
{"message":"::1 - - [28/Mar/2021:09:32:58 +0000] \"GET /home HTTP/1.1\" 304 - \"http://localhost:3000/\" \"Mozilla/5.0 (Windows NT 10.0; Win64; x64) AppleWebKit/537.36 (KHTML, like Gecko) Chrome/89.0.4389.90 Safari/537.36\"\n","level":"info"}
{"message":"::1 - - [28/Mar/2021:09:33:40 +0000] \"GET /group1 HTTP/1.1\" 200 24 \"-\" \"Mozilla/5.0 (Windows NT 10.0; Win64; x64) AppleWebKit/537.36 (KHTML, like Gecko) Chrome/89.0.4389.90 Safari/537.36\"\n","level":"info"}
{"message":"::1 - - [28/Mar/2021:09:39:05 +0000] \"GET /home HTTP/1.1\" 304 - \"http://localhost:3000/\" \"Mozilla/5.0 (Windows NT 10.0; Win64; x64) AppleWebKit/537.36 (KHTML, like Gecko) Chrome/89.0.4389.90 Safari/537.36\"\n","level":"info"}
{"message":"::1 - - [28/Mar/2021:09:39:08 +0000] \"GET /home HTTP/1.1\" 304 - \"http://localhost:3000/\" \"Mozilla/5.0 (Windows NT 10.0; Win64; x64) AppleWebKit/537.36 (KHTML, like Gecko) Chrome/89.0.4389.90 Safari/537.36\"\n","level":"info"}
{"message":"::1 - - [28/Mar/2021:09:41:58 +0000] \"GET /home HTTP/1.1\" 304 - \"http://localhost:3000/\" \"Mozilla/5.0 (Windows NT 10.0; Win64; x64) AppleWebKit/537.36 (KHTML, like Gecko) Chrome/89.0.4389.90 Safari/537.36\"\n","level":"info"}
{"message":"::1 - - [28/Mar/2021:09:42:11 +0000] \"GET /home HTTP/1.1\" 304 - \"http://localhost:3000/\" \"Mozilla/5.0 (Windows NT 10.0; Win64; x64) AppleWebKit/537.36 (KHTML, like Gecko) Chrome/89.0.4389.90 Safari/537.36\"\n","level":"info"}
{"message":"::1 - - [28/Mar/2021:09:42:15 +0000] \"GET /home HTTP/1.1\" 304 - \"http://localhost:3000/\" \"Mozilla/5.0 (Windows NT 10.0; Win64; x64) AppleWebKit/537.36 (KHTML, like Gecko) Chrome/89.0.4389.90 Safari/537.36\"\n","level":"info"}
{"message":"::1 - - [28/Mar/2021:09:42:19 +0000] \"GET /home HTTP/1.1\" 304 - \"http://localhost:3000/\" \"Mozilla/5.0 (Windows NT 10.0; Win64; x64) AppleWebKit/537.36 (KHTML, like Gecko) Chrome/89.0.4389.90 Safari/537.36\"\n","level":"info"}
{"message":"::1 - - [28/Mar/2021:09:48:29 +0000] \"GET /home HTTP/1.1\" 304 - \"http://localhost:3000/\" \"Mozilla/5.0 (Windows NT 10.0; Win64; x64) AppleWebKit/537.36 (KHTML, like Gecko) Chrome/89.0.4389.90 Safari/537.36\"\n","level":"info"}
{"message":"::1 - - [28/Mar/2021:10:09:01 +0000] \"GET /home HTTP/1.1\" 304 - \"http://localhost:3000/\" \"Mozilla/5.0 (Windows NT 10.0; Win64; x64) AppleWebKit/537.36 (KHTML, like Gecko) Chrome/89.0.4389.90 Safari/537.36\"\n","level":"info"}
{"message":"::1 - - [28/Mar/2021:10:11:57 +0000] \"GET /home HTTP/1.1\" 304 - \"http://localhost:3000/\" \"Mozilla/5.0 (Windows NT 10.0; Win64; x64) AppleWebKit/537.36 (KHTML, like Gecko) Chrome/89.0.4389.90 Safari/537.36\"\n","level":"info"}
{"message":"::1 - - [28/Mar/2021:10:12:34 +0000] \"GET /home HTTP/1.1\" 304 - \"http://localhost:3000/\" \"Mozilla/5.0 (Windows NT 10.0; Win64; x64) AppleWebKit/537.36 (KHTML, like Gecko) Chrome/89.0.4389.90 Safari/537.36\"\n","level":"info"}
{"message":"::1 - - [28/Mar/2021:11:25:56 +0000] \"POST /api/auth/login HTTP/1.1\" 200 295 \"-\" \"PostmanRuntime/7.26.10\"\n","level":"info"}
{"message":"::1 - - [28/Mar/2021:11:26:56 +0000] \"PUT /api/admin/vacationDay/6057690f499e6c13a0dc61b3 HTTP/1.1\" - - \"-\" \"PostmanRuntime/7.26.10\"\n","level":"info"}
{"message":"::1 - - [28/Mar/2021:11:31:01 +0000] \"PUT /api/admin/vacationDay/6057690f499e6c13a0dc61b3 HTTP/1.1\" - - \"-\" \"PostmanRuntime/7.26.10\"\n","level":"info"}
{"message":"::ffff:127.0.0.1 - - [28/Mar/2021:11:31:53 +0000] \"PUT /api/admin/vacationDay/6057690f499e6c13a0dc61b3 HTTP/1.1\" 403 70 \"-\" \"PostmanRuntime/7.26.10\"\n","level":"info"}
{"message":"::1 - - [28/Mar/2021:11:32:24 +0000] \"POST /api/auth/logout HTTP/1.1\" 200 79 \"-\" \"PostmanRuntime/7.26.10\"\n","level":"info"}
{"message":"::1 - - [28/Mar/2021:11:32:37 +0000] \"POST /api/auth/login HTTP/1.1\" 200 295 \"-\" \"PostmanRuntime/7.26.10\"\n","level":"info"}
{"message":"::1 - - [28/Mar/2021:11:33:12 +0000] \"POST /api/auth/login HTTP/1.1\" 200 295 \"-\" \"PostmanRuntime/7.26.10\"\n","level":"info"}
{"message":"::1 - - [28/Mar/2021:11:33:21 +0000] \"POST /api/auth/login HTTP/1.1\" 200 295 \"-\" \"PostmanRuntime/7.26.10\"\n","level":"info"}
{"message":"::1 - - [28/Mar/2021:11:33:29 +0000] \"POST /api/auth/logout HTTP/1.1\" 200 79 \"-\" \"PostmanRuntime/7.26.10\"\n","level":"info"}
{"message":"::1 - - [28/Mar/2021:11:34:11 +0000] \"POST /api/auth/logout HTTP/1.1\" 200 79 \"-\" \"PostmanRuntime/7.26.10\"\n","level":"info"}
{"message":"::1 - - [28/Mar/2021:11:34:29 +0000] \"POST /api/auth/logout HTTP/1.1\" 200 79 \"-\" \"PostmanRuntime/7.26.10\"\n","level":"info"}
{"message":"::1 - - [28/Mar/2021:11:34:54 +0000] \"POST /api/auth/logout HTTP/1.1\" 200 79 \"-\" \"PostmanRuntime/7.26.10\"\n","level":"info"}
{"message":"::1 - - [28/Mar/2021:11:35:08 +0000] \"POST /api/auth/login HTTP/1.1\" 200 295 \"-\" \"PostmanRuntime/7.26.10\"\n","level":"info"}
{"message":"::1 - - [28/Mar/2021:11:35:21 +0000] \"PUT /api/admin/vacationDay/6057690f499e6c13a0dc61b3 HTTP/1.1\" 403 70 \"-\" \"PostmanRuntime/7.26.10\"\n","level":"info"}
{"message":"::1 - - [28/Mar/2021:11:40:03 +0000] \"PUT /api/admin/vacationDay/6057690f499e6c13a0dc61b3 HTTP/1.1\" - - \"-\" \"PostmanRuntime/7.26.10\"\n","level":"info"}
{"message":"::1 - - [28/Mar/2021:11:45:39 +0000] \"POST /api/vacationDay HTTP/1.1\" 403 70 \"-\" \"PostmanRuntime/7.26.10\"\n","level":"info"}
{"message":"::1 - - [28/Mar/2021:11:45:46 +0000] \"POST /api/vacationDay HTTP/1.1\" 409 94 \"-\" \"PostmanRuntime/7.26.10\"\n","level":"info"}
{"message":"::1 - - [28/Mar/2021:11:46:35 +0000] \"POST /api/vacationDay HTTP/1.1\" 409 88 \"-\" \"PostmanRuntime/7.26.10\"\n","level":"info"}
{"message":"::1 - - [28/Mar/2021:11:46:45 +0000] \"POST /api/vacationDay HTTP/1.1\" 201 97 \"-\" \"PostmanRuntime/7.26.10\"\n","level":"info"}
{"message":"::1 - - [28/Mar/2021:11:48:17 +0000] \"PUT /api/admin/vacationDay/60606ca5747a8237f816bc7b HTTP/1.1\" - - \"-\" \"PostmanRuntime/7.26.10\"\n","level":"info"}
{"message":"::1 - - [28/Mar/2021:11:50:44 +0000] \"PUT /api/admin/vacationDay/60606ca5747a8237f816bc7b HTTP/1.1\" 200 272 \"-\" \"PostmanRuntime/7.26.10\"\n","level":"info"}
{"message":"::1 - - [28/Mar/2021:12:02:34 +0000] \"PUT /api/admin/vacationDay/6058f79abb7a5801c441b3d5 HTTP/1.1\" 200 102 \"-\" \"PostmanRuntime/7.26.10\"\n","level":"info"}
{"message":"::1 - - [28/Mar/2021:12:05:17 +0000] \"GET /api/vacationDay HTTP/1.1\" 403 70 \"-\" \"PostmanRuntime/7.26.10\"\n","level":"info"}
